app/build/intermediates/manifest_merge_blame_file/debug/manifest-merger-blame-debug-report.txt
1<?xml version="1.0" encoding="utf-8"?>
2<manifest xmlns:android="http://schemas.android.com/apk/res/android"
3    package="com.example.aggim"
4    android:versionCode="1"
5    android:versionName="1.0" >
6
7    <uses-sdk
8        android:minSdkVersion="21"
8-->src\main\AndroidManifest.xml
9        android:targetSdkVersion="28" />
9-->src\main\AndroidManifest.xml
10
11    <uses-permission android:name="android.permission.INTERNET" />
11-->src\main\AndroidManifest.xml:6:5-67
11-->src\main\AndroidManifest.xml:6:22-64
12
13    <application
13-->src\main\AndroidManifest.xml:8:5-50:19
14        android:name="com.example.aggim.App"
14-->src\main\AndroidManifest.xml:9:9-28
15        android:allowBackup="true"
15-->src\main\AndroidManifest.xml:10:9-35
16        android:appComponentFactory="androidx.core.app.CoreComponentFactory"
16-->[androidx.core:core:1.3.0] AndroidManifest.xml:24:18-86
17        android:debuggable="true"
18        android:icon="@mipmap/ic_launcher_aggim_logo"
18-->src\main\AndroidManifest.xml:11:9-54
19        android:label="@string/app_name"
19-->src\main\AndroidManifest.xml:12:9-41
20        android:networkSecurityConfig="@xml/network_security_config"
20-->src\main\AndroidManifest.xml:13:9-69
21        android:roundIcon="@mipmap/ic_launcher_aggim_logo_round"
21-->src\main\AndroidManifest.xml:14:9-65
22        android:supportsRtl="true"
22-->src\main\AndroidManifest.xml:15:9-35
23        android:testOnly="true"
24        android:theme="@style/AppTheme"
24-->src\main\AndroidManifest.xml:16:9-40
25        android:usesCleartextTraffic="true" >
25-->src\main\AndroidManifest.xml:17:9-44
26        <activity android:name="com.example.aggim.mypage.orderList.OrderListActivity" />
26-->src\main\AndroidManifest.xml:20:9-81
26-->src\main\AndroidManifest.xml:20:19-69
27        <activity android:name="com.example.aggim.mypage.cart.CartActivity" />
27-->src\main\AndroidManifest.xml:21:9-62
27-->src\main\AndroidManifest.xml:21:19-59
28        <activity android:name="com.example.aggim.mypage.stamp.StampActivity" />
28-->src\main\AndroidManifest.xml:22:9-64
28-->src\main\AndroidManifest.xml:22:19-61
29        <activity android:name="com.example.aggim.mypage.updateInfo.UpdateInfoActivity" />
29-->src\main\AndroidManifest.xml:23:9-74
29-->src\main\AndroidManifest.xml:23:19-71
30        <activity android:name="com.example.aggim.mypage.main.MyPageMain" />
30-->src\main\AndroidManifest.xml:24:9-60
30-->src\main\AndroidManifest.xml:24:19-57
31        <activity android:name="com.example.aggim.main.MainPageActivity" />
31-->src\main\AndroidManifest.xml:25:9-59
31-->src\main\AndroidManifest.xml:25:19-56
32        <activity android:name="com.example.aggim.main.MainActivity" />
32-->src\main\AndroidManifest.xml:26:9-55
32-->src\main\AndroidManifest.xml:26:19-52
33        <activity android:name="com.example.aggim.intro.IntroActivity" >
33-->src\main\AndroidManifest.xml:28:9-33:20
33-->src\main\AndroidManifest.xml:28:19-54
34            <intent-filter>
34-->src\main\AndroidManifest.xml:29:13-32:29
35                <action android:name="android.intent.action.MAIN" />
35-->src\main\AndroidManifest.xml:30:17-69
35-->src\main\AndroidManifest.xml:30:25-66
36
37                <category android:name="android.intent.category.LAUNCHER" />
37-->src\main\AndroidManifest.xml:31:17-77
37-->src\main\AndroidManifest.xml:31:27-74
38            </intent-filter>
39        </activity>
40        <activity android:name="com.example.aggim.signup.SignupActivity" />
40-->src\main\AndroidManifest.xml:34:9-59
40-->src\main\AndroidManifest.xml:34:19-56
41        <activity android:name="com.example.aggim.signin.SigninActivity" />
41-->src\main\AndroidManifest.xml:35:9-59
41-->src\main\AndroidManifest.xml:35:19-56
42        <activity
42-->src\main\AndroidManifest.xml:36:9-39:11
43            android:name="com.example.aggim.product.detail.ProductDetailActivity"
43-->src\main\AndroidManifest.xml:37:13-65
44            android:theme="@style/Theme.AppCompat.Light" />
44-->src\main\AndroidManifest.xml:38:13-57
45        <activity android:name="com.example.aggim.product.ProductMainActivity" />
45-->src\main\AndroidManifest.xml:40:9-65
45-->src\main\AndroidManifest.xml:40:19-62
46        <activity
46-->src\main\AndroidManifest.xml:41:9-44:11
47            android:name="com.example.aggim.product.search.ProductSearchActivity"
47-->src\main\AndroidManifest.xml:42:13-65
48            android:theme="@style/Theme.AppCompat.Light" />
48-->src\main\AndroidManifest.xml:43:13-57
49        <activity
49-->src\main\AndroidManifest.xml:45:9-48:11
50            android:name="com.example.aggim.product.registration.ProductRegistrationActivity"
50-->src\main\AndroidManifest.xml:46:13-77
51            android:theme="@style/Theme.AppCompat.Light" />
51-->src\main\AndroidManifest.xml:47:13-57
52        <activity android:name="com.example.aggim.donation.DonatesListActivity" />
52-->src\main\AndroidManifest.xml:49:9-65
52-->src\main\AndroidManifest.xml:49:19-63
53
54        <provider
54-->[androidx.lifecycle:lifecycle-process:2.2.0-alpha01] AndroidManifest.xml:23:9-27:43
55            android:name="androidx.lifecycle.ProcessLifecycleOwnerInitializer"
55-->[androidx.lifecycle:lifecycle-process:2.2.0-alpha01] AndroidManifest.xml:24:13-79
56            android:authorities="com.example.aggim.lifecycle-process"
56-->[androidx.lifecycle:lifecycle-process:2.2.0-alpha01] AndroidManifest.xml:25:13-69
57            android:exported="false"
57-->[androidx.lifecycle:lifecycle-process:2.2.0-alpha01] AndroidManifest.xml:26:13-37
58            android:multiprocess="true" />
58-->[androidx.lifecycle:lifecycle-process:2.2.0-alpha01] AndroidManifest.xml:27:13-40
59    </application>
60
61</manifest>